
============================================================
POKER PHASE 2: REINFORCE
============================================================

Loading model from: ./checkpoints/poker_rl_medium_simple_20260420
Warning: You are sending unauthenticated requests to the HF Hub. Please set a HF_TOKEN to enable higher rate limits and faster downloads.
Loading weights:   0%|          | 0/338 [00:00<?, ?it/s]Loading weights:   1%|          | 3/338 [00:00<00:14, 23.63it/s]Loading weights:  19%|█▊        | 63/338 [00:00<00:00, 326.64it/s]Loading weights:  34%|███▍      | 116/338 [00:00<00:00, 413.60it/s]Loading weights:  51%|█████     | 172/338 [00:00<00:00, 462.58it/s]Loading weights:  69%|██████▊   | 232/338 [00:00<00:00, 508.80it/s]Loading weights:  86%|████████▋ | 292/338 [00:00<00:00, 535.20it/s]Loading weights: 100%|██████████| 338/338 [00:00<00:00, 479.79it/s]
Loaded checkpoint from ./checkpoints/poker_rl_medium_simple_20260420
Trainable params: 4,358,144 / 892,974,592 (0.49%)

--- Poker REINFORCE: 120 iters, batch=4, ema_gamma=0.9 ---
  Iter 1/120: acc=25.0% (ema=25.0%) | reward=0.250 (ema=0.250) | loss=16.3125 | real_code=0/4 | wrapped=4
  Iter 2/120: acc=25.0% (ema=25.0%) | reward=0.250 (ema=0.250) | loss=5.9844 | real_code=2/4 | wrapped=3
  Iter 3/120: acc=0.0% (ema=22.5%) | reward=0.000 (ema=0.225) | loss=0.0000 | real_code=0/4 | wrapped=4
  Iter 4/120: acc=25.0% (ema=22.8%) | reward=0.250 (ema=0.228) | loss=4.9375 | real_code=2/4 | wrapped=3
  Iter 5/120: acc=25.0% (ema=23.0%) | reward=0.250 (ema=0.230) | loss=-1.7188 | real_code=0/4 | wrapped=4
    Checkpoint saved to ./checkpoints/poker_rl_long_simple_120iters_20260420/iter_5
  Iter 6/120: acc=50.0% (ema=25.7%) | reward=0.500 (ema=0.257) | loss=-0.8750 | real_code=0/4 | wrapped=4
  Iter 7/120: acc=75.0% (ema=30.6%) | reward=0.750 (ema=0.306) | loss=-1.0312 | real_code=0/4 | wrapped=4
  Iter 8/120: acc=25.0% (ema=30.0%) | reward=0.250 (ema=0.300) | loss=3.9453 | real_code=0/4 | wrapped=4
  Iter 9/120: acc=50.0% (ema=32.0%) | reward=0.500 (ema=0.320) | loss=14.6875 | real_code=0/4 | wrapped=4
  Iter 10/120: acc=50.0% (ema=33.8%) | reward=0.575 (ema=0.346) | loss=11.2500 | real_code=2/4 | wrapped=3
    Checkpoint saved to ./checkpoints/poker_rl_long_simple_120iters_20260420/iter_10
  Iter 11/120: acc=25.0% (ema=33.0%) | reward=0.250 (ema=0.336) | loss=0.5000 | real_code=0/4 | wrapped=4
  Iter 12/120: acc=25.0% (ema=32.2%) | reward=0.250 (ema=0.328) | loss=-15.3926 | real_code=0/4 | wrapped=4
  Iter 13/120: acc=75.0% (ema=36.4%) | reward=0.750 (ema=0.370) | loss=4.0938 | real_code=0/4 | wrapped=4
  Iter 14/120: acc=50.0% (ema=37.8%) | reward=0.500 (ema=0.383) | loss=2.1250 | real_code=1/4 | wrapped=4
  Iter 15/120: acc=25.0% (ema=36.5%) | reward=0.250 (ema=0.370) | loss=-0.0625 | real_code=0/4 | wrapped=4
    Checkpoint saved to ./checkpoints/poker_rl_long_simple_120iters_20260420/iter_15
  Iter 16/120: acc=25.0% (ema=35.4%) | reward=0.250 (ema=0.358) | loss=-16.5000 | real_code=1/4 | wrapped=4
  Iter 17/120: acc=25.0% (ema=34.3%) | reward=0.250 (ema=0.347) | loss=-13.1074 | real_code=2/4 | wrapped=4
  Iter 18/120: acc=50.0% (ema=35.9%) | reward=0.500 (ema=0.362) | loss=-1.4375 | real_code=0/4 | wrapped=4
  Iter 19/120: acc=50.0% (ema=37.3%) | reward=0.500 (ema=0.376) | loss=4.6875 | real_code=0/4 | wrapped=4
  Iter 20/120: acc=0.0% (ema=33.6%) | reward=0.000 (ema=0.338) | loss=0.0000 | real_code=0/4 | wrapped=4
    Checkpoint saved to ./checkpoints/poker_rl_long_simple_120iters_20260420/iter_20
  Iter 21/120: acc=0.0% (ema=30.2%) | reward=0.000 (ema=0.305) | loss=0.0000 | real_code=0/4 | wrapped=4
  Iter 22/120: acc=25.0% (ema=29.7%) | reward=0.250 (ema=0.299) | loss=7.3906 | real_code=1/4 | wrapped=4
  Iter 23/120: acc=50.0% (ema=31.7%) | reward=0.500 (ema=0.319) | loss=-9.2500 | real_code=0/4 | wrapped=4
  Iter 24/120: acc=25.0% (ema=31.1%) | reward=0.250 (ema=0.312) | loss=5.3125 | real_code=0/4 | wrapped=4
  Iter 25/120: acc=25.0% (ema=30.4%) | reward=0.250 (ema=0.306) | loss=12.2734 | real_code=0/4 | wrapped=4
    Checkpoint saved to ./checkpoints/poker_rl_long_simple_120iters_20260420/iter_25
  Iter 26/120: acc=75.0% (ema=34.9%) | reward=0.750 (ema=0.350) | loss=2.2500 | real_code=1/4 | wrapped=4
  Iter 27/120: acc=0.0% (ema=31.4%) | reward=0.000 (ema=0.315) | loss=0.0000 | real_code=0/4 | wrapped=4
  Iter 28/120: acc=50.0% (ema=33.3%) | reward=0.500 (ema=0.334) | loss=-2.1875 | real_code=0/4 | wrapped=4
  Iter 29/120: acc=0.0% (ema=29.9%) | reward=0.000 (ema=0.300) | loss=0.0000 | real_code=1/4 | wrapped=4
  Iter 30/120: acc=50.0% (ema=32.0%) | reward=0.500 (ema=0.320) | loss=-14.4883 | real_code=0/4 | wrapped=4
    Checkpoint saved to ./checkpoints/poker_rl_long_simple_120iters_20260420/iter_30
  Iter 31/120: acc=0.0% (ema=28.8%) | reward=0.000 (ema=0.288) | loss=0.0000 | real_code=0/4 | wrapped=4
  Iter 32/120: acc=75.0% (ema=33.4%) | reward=0.750 (ema=0.335) | loss=5.6875 | real_code=0/4 | wrapped=4
  Iter 33/120: acc=25.0% (ema=32.5%) | reward=0.250 (ema=0.326) | loss=-14.1719 | real_code=1/4 | wrapped=3
  Iter 34/120: acc=25.0% (ema=31.8%) | reward=0.250 (ema=0.318) | loss=6.1133 | real_code=0/4 | wrapped=4
  Iter 35/120: acc=0.0% (ema=28.6%) | reward=0.000 (ema=0.287) | loss=0.0000 | real_code=0/4 | wrapped=4
    Checkpoint saved to ./checkpoints/poker_rl_long_simple_120iters_20260420/iter_35
  Iter 36/120: acc=0.0% (ema=25.7%) | reward=0.000 (ema=0.258) | loss=0.0000 | real_code=2/4 | wrapped=3
  Iter 37/120: acc=0.0% (ema=23.2%) | reward=0.000 (ema=0.232) | loss=0.0000 | real_code=2/4 | wrapped=3
  Iter 38/120: acc=0.0% (ema=20.9%) | reward=0.000 (ema=0.209) | loss=0.0000 | real_code=0/4 | wrapped=4
  Iter 39/120: acc=0.0% (ema=18.8%) | reward=0.000 (ema=0.188) | loss=0.0000 | real_code=0/4 | wrapped=4
  Iter 40/120: acc=50.0% (ema=21.9%) | reward=0.500 (ema=0.219) | loss=18.8750 | real_code=0/4 | wrapped=4
    Checkpoint saved to ./checkpoints/poker_rl_long_simple_120iters_20260420/iter_40
  Iter 41/120: acc=25.0% (ema=22.2%) | reward=0.250 (ema=0.222) | loss=13.6406 | real_code=0/4 | wrapped=4
  Iter 42/120: acc=25.0% (ema=22.5%) | reward=0.250 (ema=0.225) | loss=-3.3125 | real_code=2/4 | wrapped=3
  Iter 43/120: acc=0.0% (ema=20.2%) | reward=0.075 (ema=0.210) | loss=-12.0391 | real_code=0/4 | wrapped=4
  Iter 44/120: acc=25.0% (ema=20.7%) | reward=0.250 (ema=0.214) | loss=1.5625 | real_code=0/4 | wrapped=4
  Iter 45/120: acc=0.0% (ema=18.6%) | reward=0.000 (ema=0.193) | loss=0.0000 | real_code=0/4 | wrapped=4
    Checkpoint saved to ./checkpoints/poker_rl_long_simple_120iters_20260420/iter_45
  Iter 46/120: acc=0.0% (ema=16.8%) | reward=0.075 (ema=0.181) | loss=-12.3281 | real_code=0/4 | wrapped=4
  Iter 47/120: acc=50.0% (ema=20.1%) | reward=0.500 (ema=0.213) | loss=-6.8008 | real_code=0/4 | wrapped=4
  Iter 48/120: acc=25.0% (ema=20.6%) | reward=0.250 (ema=0.217) | loss=4.1875 | real_code=2/4 | wrapped=3
  Iter 49/120: acc=0.0% (ema=18.5%) | reward=0.000 (ema=0.195) | loss=0.0000 | real_code=0/4 | wrapped=4
  Iter 50/120: acc=25.0% (ema=19.2%) | reward=0.250 (ema=0.200) | loss=4.3125 | real_code=0/4 | wrapped=4
    Checkpoint saved to ./checkpoints/poker_rl_long_simple_120iters_20260420/iter_50
  Iter 51/120: acc=0.0% (ema=17.3%) | reward=0.000 (ema=0.180) | loss=0.0000 | real_code=1/4 | wrapped=4
  Iter 52/120: acc=25.0% (ema=18.0%) | reward=0.250 (ema=0.187) | loss=25.1577 | real_code=0/4 | wrapped=4
  Iter 53/120: acc=25.0% (ema=18.7%) | reward=0.325 (ema=0.201) | loss=-8.4512 | real_code=0/4 | wrapped=4
  Iter 54/120: acc=25.0% (ema=19.4%) | reward=0.250 (ema=0.206) | loss=13.4688 | real_code=0/4 | wrapped=4
  Iter 55/120: acc=75.0% (ema=24.9%) | reward=0.750 (ema=0.260) | loss=-8.2500 | real_code=0/4 | wrapped=4
    Checkpoint saved to ./checkpoints/poker_rl_long_simple_120iters_20260420/iter_55
  Iter 56/120: acc=0.0% (ema=22.4%) | reward=0.000 (ema=0.234) | loss=0.0000 | real_code=0/4 | wrapped=4
  Iter 57/120: acc=25.0% (ema=22.7%) | reward=0.250 (ema=0.236) | loss=-2.3438 | real_code=0/4 | wrapped=4
  Iter 58/120: acc=25.0% (ema=22.9%) | reward=0.250 (ema=0.237) | loss=-0.6250 | real_code=2/4 | wrapped=3
  Iter 59/120: acc=0.0% (ema=20.6%) | reward=0.000 (ema=0.214) | loss=0.0000 | real_code=0/4 | wrapped=4
  Iter 60/120: acc=25.0% (ema=21.1%) | reward=0.250 (ema=0.217) | loss=-7.5312 | real_code=0/4 | wrapped=4
    Checkpoint saved to ./checkpoints/poker_rl_long_simple_120iters_20260420/iter_60
  Iter 61/120: acc=25.0% (ema=21.5%) | reward=0.250 (ema=0.221) | loss=3.6562 | real_code=0/4 | wrapped=4
  Iter 62/120: acc=25.0% (ema=21.8%) | reward=0.250 (ema=0.223) | loss=-7.4023 | real_code=2/4 | wrapped=3
  Iter 63/120: acc=0.0% (ema=19.6%) | reward=0.150 (ema=0.216) | loss=-14.3594 | real_code=0/4 | wrapped=4
  Iter 64/120: acc=0.0% (ema=17.7%) | reward=0.000 (ema=0.194) | loss=0.0000 | real_code=0/4 | wrapped=4
  Iter 65/120: acc=0.0% (ema=15.9%) | reward=0.075 (ema=0.183) | loss=-18.7520 | real_code=0/4 | wrapped=4
    Checkpoint saved to ./checkpoints/poker_rl_long_simple_120iters_20260420/iter_65
  Iter 66/120: acc=50.0% (ema=19.3%) | reward=0.500 (ema=0.214) | loss=16.3750 | real_code=0/4 | wrapped=4
  Iter 67/120: acc=50.0% (ema=22.4%) | reward=0.500 (ema=0.243) | loss=-8.1562 | real_code=0/4 | wrapped=4
  Iter 68/120: acc=0.0% (ema=20.1%) | reward=0.000 (ema=0.219) | loss=0.0000 | real_code=0/4 | wrapped=4
  Iter 69/120: acc=25.0% (ema=20.6%) | reward=0.250 (ema=0.222) | loss=13.4531 | real_code=0/4 | wrapped=4
  Iter 70/120: acc=0.0% (ema=18.6%) | reward=0.000 (ema=0.200) | loss=0.0000 | real_code=0/4 | wrapped=4
    Checkpoint saved to ./checkpoints/poker_rl_long_simple_120iters_20260420/iter_70
  Iter 71/120: acc=25.0% (ema=19.2%) | reward=0.250 (ema=0.205) | loss=6.9141 | real_code=0/4 | wrapped=4
  Iter 72/120: acc=0.0% (ema=17.3%) | reward=0.000 (ema=0.184) | loss=0.0000 | real_code=1/4 | wrapped=4
  Iter 73/120: acc=50.0% (ema=20.6%) | reward=0.500 (ema=0.216) | loss=22.1655 | real_code=0/4 | wrapped=4
  Iter 74/120: acc=25.0% (ema=21.0%) | reward=0.250 (ema=0.219) | loss=5.2500 | real_code=1/4 | wrapped=3
  Iter 75/120: acc=25.0% (ema=21.4%) | reward=0.250 (ema=0.222) | loss=-13.5625 | real_code=0/4 | wrapped=4
    Checkpoint saved to ./checkpoints/poker_rl_long_simple_120iters_20260420/iter_75
  Iter 76/120: acc=25.0% (ema=21.8%) | reward=0.325 (ema=0.233) | loss=-0.5625 | real_code=0/4 | wrapped=4
  Iter 77/120: acc=25.0% (ema=22.1%) | reward=0.250 (ema=0.234) | loss=-11.2500 | real_code=0/4 | wrapped=4
  Iter 78/120: acc=25.0% (ema=22.4%) | reward=0.250 (ema=0.236) | loss=10.0234 | real_code=0/4 | wrapped=4
  Iter 79/120: acc=25.0% (ema=22.6%) | reward=0.250 (ema=0.237) | loss=0.0391 | real_code=1/4 | wrapped=4
  Iter 80/120: acc=0.0% (ema=20.4%) | reward=0.000 (ema=0.214) | loss=0.0000 | real_code=0/4 | wrapped=4
    Checkpoint saved to ./checkpoints/poker_rl_long_simple_120iters_20260420/iter_80
  Iter 81/120: acc=25.0% (ema=20.8%) | reward=0.250 (ema=0.217) | loss=-3.0078 | real_code=0/4 | wrapped=4
  Iter 82/120: acc=25.0% (ema=21.3%) | reward=0.250 (ema=0.220) | loss=-15.0312 | real_code=3/4 | wrapped=3
  Iter 83/120: acc=25.0% (ema=21.6%) | reward=0.325 (ema=0.231) | loss=-4.6240 | real_code=0/4 | wrapped=4
  Iter 84/120: acc=25.0% (ema=22.0%) | reward=0.250 (ema=0.233) | loss=1.5938 | real_code=0/4 | wrapped=4
  Iter 85/120: acc=50.0% (ema=24.8%) | reward=0.500 (ema=0.260) | loss=-11.0000 | real_code=0/4 | wrapped=4
    Checkpoint saved to ./checkpoints/poker_rl_long_simple_120iters_20260420/iter_85
  Iter 86/120: acc=25.0% (ema=24.8%) | reward=0.250 (ema=0.259) | loss=6.2188 | real_code=0/4 | wrapped=4
  Iter 87/120: acc=50.0% (ema=27.3%) | reward=0.500 (ema=0.283) | loss=2.1875 | real_code=0/4 | wrapped=4
  Iter 88/120: acc=0.0% (ema=24.6%) | reward=0.075 (ema=0.262) | loss=-13.2500 | real_code=1/4 | wrapped=3
  Iter 89/120: acc=50.0% (ema=27.1%) | reward=0.500 (ema=0.286) | loss=-4.5000 | real_code=0/4 | wrapped=4
  Iter 90/120: acc=25.0% (ema=26.9%) | reward=0.250 (ema=0.282) | loss=-10.7891 | real_code=0/4 | wrapped=4
    Checkpoint saved to ./checkpoints/poker_rl_long_simple_120iters_20260420/iter_90
  Iter 91/120: acc=75.0% (ema=31.7%) | reward=0.750 (ema=0.329) | loss=-3.9531 | real_code=0/4 | wrapped=4
  Iter 92/120: acc=25.0% (ema=31.0%) | reward=0.250 (ema=0.321) | loss=4.2969 | real_code=0/4 | wrapped=4
  Iter 93/120: acc=25.0% (ema=30.4%) | reward=0.325 (ema=0.321) | loss=-3.6335 | real_code=0/4 | wrapped=4
  Iter 94/120: acc=25.0% (ema=29.9%) | reward=0.250 (ema=0.314) | loss=-5.2969 | real_code=1/4 | wrapped=4
  Iter 95/120: acc=0.0% (ema=26.9%) | reward=0.000 (ema=0.283) | loss=0.0000 | real_code=0/4 | wrapped=4
    Checkpoint saved to ./checkpoints/poker_rl_long_simple_120iters_20260420/iter_95
  Iter 96/120: acc=50.0% (ema=29.2%) | reward=0.500 (ema=0.305) | loss=-8.5000 | real_code=1/4 | wrapped=3
  Iter 97/120: acc=0.0% (ema=26.3%) | reward=0.000 (ema=0.274) | loss=0.0000 | real_code=0/4 | wrapped=4
  Iter 98/120: acc=50.0% (ema=28.7%) | reward=0.500 (ema=0.297) | loss=5.5625 | real_code=0/4 | wrapped=4
  Iter 99/120: acc=75.0% (ema=33.3%) | reward=0.750 (ema=0.342) | loss=-13.9844 | real_code=2/4 | wrapped=3
  Iter 100/120: acc=25.0% (ema=32.5%) | reward=0.250 (ema=0.333) | loss=-0.9375 | real_code=2/4 | wrapped=3
    Checkpoint saved to ./checkpoints/poker_rl_long_simple_120iters_20260420/iter_100
  Iter 101/120: acc=75.0% (ema=36.7%) | reward=0.750 (ema=0.375) | loss=13.4541 | real_code=0/4 | wrapped=4
  Iter 102/120: acc=75.0% (ema=40.6%) | reward=0.750 (ema=0.412) | loss=-9.7109 | real_code=0/4 | wrapped=4
  Iter 103/120: acc=50.0% (ema=41.5%) | reward=0.500 (ema=0.421) | loss=5.7500 | real_code=0/4 | wrapped=4
  Iter 104/120: acc=50.0% (ema=42.3%) | reward=0.500 (ema=0.429) | loss=-16.6250 | real_code=0/4 | wrapped=4
  Iter 105/120: acc=0.0% (ema=38.1%) | reward=0.000 (ema=0.386) | loss=0.0000 | real_code=0/4 | wrapped=4
    Checkpoint saved to ./checkpoints/poker_rl_long_simple_120iters_20260420/iter_105
  Iter 106/120: acc=50.0% (ema=39.3%) | reward=0.500 (ema=0.397) | loss=8.3750 | real_code=0/4 | wrapped=4
  Iter 107/120: acc=0.0% (ema=35.4%) | reward=0.000 (ema=0.358) | loss=0.0000 | real_code=0/4 | wrapped=4
  Iter 108/120: acc=25.0% (ema=34.3%) | reward=0.250 (ema=0.347) | loss=-18.1875 | real_code=0/4 | wrapped=4
  Iter 109/120: acc=25.0% (ema=33.4%) | reward=0.250 (ema=0.337) | loss=-2.2812 | real_code=1/4 | wrapped=3
  Iter 110/120: acc=25.0% (ema=32.6%) | reward=0.325 (ema=0.336) | loss=16.3467 | real_code=0/4 | wrapped=4
    Checkpoint saved to ./checkpoints/poker_rl_long_simple_120iters_20260420/iter_110
  Iter 111/120: acc=0.0% (ema=29.3%) | reward=0.000 (ema=0.302) | loss=0.0000 | real_code=2/4 | wrapped=4
  Iter 112/120: acc=50.0% (ema=31.4%) | reward=0.500 (ema=0.322) | loss=8.0938 | real_code=0/4 | wrapped=4
  Iter 113/120: acc=75.0% (ema=35.7%) | reward=0.750 (ema=0.365) | loss=1.1094 | real_code=0/4 | wrapped=4
  Iter 114/120: acc=0.0% (ema=32.2%) | reward=0.000 (ema=0.328) | loss=0.0000 | real_code=0/4 | wrapped=4
  Iter 115/120: acc=25.0% (ema=31.4%) | reward=0.250 (ema=0.321) | loss=-17.2812 | real_code=0/4 | wrapped=4
    Checkpoint saved to ./checkpoints/poker_rl_long_simple_120iters_20260420/iter_115
  Iter 116/120: acc=0.0% (ema=28.3%) | reward=0.000 (ema=0.289) | loss=0.0000 | real_code=0/4 | wrapped=4
  Iter 117/120: acc=50.0% (ema=30.5%) | reward=0.500 (ema=0.310) | loss=-0.7812 | real_code=0/4 | wrapped=4
  Iter 118/120: acc=25.0% (ema=29.9%) | reward=0.250 (ema=0.304) | loss=15.1016 | real_code=0/4 | wrapped=4
  Iter 119/120: acc=50.0% (ema=31.9%) | reward=0.500 (ema=0.323) | loss=-8.2500 | real_code=2/4 | wrapped=3
  Iter 120/120: acc=0.0% (ema=28.7%) | reward=0.000 (ema=0.291) | loss=0.0000 | real_code=0/4 | wrapped=4
    Checkpoint saved to ./checkpoints/poker_rl_long_simple_120iters_20260420/iter_120
--- Training complete. Model saved to ./checkpoints/poker_rl_long_simple_120iters_20260420 ---
Training curves saved to ./checkpoints/poker_rl_long_simple_120iters_20260420/training_curves.png
Training analysis saved to ./checkpoints/poker_rl_long_simple_120iters_20260420/training_summary.json and ./checkpoints/poker_rl_long_simple_120iters_20260420/training_history.csv

REINFORCE summary:
  Accuracy: 25.0% -> 0.0%
  Reward:   0.250 -> 0.000
  Loss:     16.3125 -> 0.0000
