
============================================================
POKER PHASE 2: REINFORCE
============================================================

Loading model from: ./checkpoints/poker_bc
Warning: You are sending unauthenticated requests to the HF Hub. Please set a HF_TOKEN to enable higher rate limits and faster downloads.
Loading weights:   0%|          | 0/338 [00:00<?, ?it/s]/root/STAT-4830-RL-project/.venv/lib/python3.10/site-packages/bitsandbytes/backends/cuda/ops.py:213: FutureWarning: _check_is_size will be removed in a future PyTorch release along with guard_size_oblivious.     Use _check(i >= 0) instead.
  torch._check_is_size(blocksize)
Loading weights:   1%|          | 3/338 [00:00<00:11, 29.36it/s]Loading weights:  26%|██▌       | 88/338 [00:00<00:00, 503.30it/s]Loading weights:  52%|█████▏    | 176/338 [00:00<00:00, 672.46it/s]Loading weights:  79%|███████▉  | 267/338 [00:00<00:00, 763.73it/s]Loading weights: 100%|██████████| 338/338 [00:00<00:00, 699.52it/s]
Loaded checkpoint from ./checkpoints/poker_bc
Trainable params: 4,358,144 / 892,974,592 (0.49%)

--- Poker REINFORCE: 20 iters, batch=8 ---
/root/STAT-4830-RL-project/.venv/lib/python3.10/site-packages/bitsandbytes/backends/cuda/ops.py:468: FutureWarning: _check_is_size will be removed in a future PyTorch release along with guard_size_oblivious.     Use _check(i >= 0) instead.
  torch._check_is_size(blocksize)
  Iter 1/20: acc=50.0% | reward=0.613 | loss=21.4568 | baseline=0.061 | code=8/8 | exec_ok=8 | nz_reward=8 | fb=0 | no_code=16 | exec_err=0 | stdout_empty=0 | wrapped=8
  Iter 2/20: acc=12.5% | reward=0.294 | loss=5.1433 | baseline=0.084 | code=8/8 | exec_ok=8 | nz_reward=8 | fb=0 | no_code=16 | exec_err=0 | stdout_empty=0 | wrapped=8
  Iter 3/20: acc=25.0% | reward=0.362 | loss=3.8235 | baseline=0.112 | code=8/8 | exec_ok=8 | nz_reward=8 | fb=0 | no_code=16 | exec_err=0 | stdout_empty=0 | wrapped=8
  Iter 4/20: acc=25.0% | reward=0.362 | loss=5.0909 | baseline=0.137 | code=8/8 | exec_ok=8 | nz_reward=8 | fb=0 | no_code=16 | exec_err=0 | stdout_empty=0 | wrapped=8
  Iter 5/20: acc=37.5% | reward=0.469 | loss=15.0120 | baseline=0.170 | code=8/8 | exec_ok=8 | nz_reward=8 | fb=0 | no_code=16 | exec_err=0 | stdout_empty=0 | wrapped=8
    Checkpoint saved to ./checkpoints/poker_rl/iter_5
  Iter 6/20: acc=25.0% | reward=0.362 | loss=12.8123 | baseline=0.190 | code=8/8 | exec_ok=8 | nz_reward=8 | fb=0 | no_code=16 | exec_err=0 | stdout_empty=0 | wrapped=8
  Iter 7/20: acc=0.0% | reward=0.138 | loss=-2.1252 | baseline=0.184 | code=8/8 | exec_ok=7 | nz_reward=8 | fb=1 | no_code=16 | exec_err=1 | stdout_empty=0 | wrapped=7
  Iter 8/20: acc=12.5% | reward=0.256 | loss=-0.6694 | baseline=0.192 | code=8/8 | exec_ok=8 | nz_reward=8 | fb=0 | no_code=16 | exec_err=0 | stdout_empty=0 | wrapped=8
  Iter 9/20: acc=37.5% | reward=0.469 | loss=4.2306 | baseline=0.219 | code=8/8 | exec_ok=8 | nz_reward=8 | fb=0 | no_code=16 | exec_err=0 | stdout_empty=0 | wrapped=8
  Iter 10/20: acc=25.0% | reward=0.362 | loss=5.6761 | baseline=0.234 | code=8/8 | exec_ok=8 | nz_reward=8 | fb=0 | no_code=16 | exec_err=0 | stdout_empty=0 | wrapped=8
    Checkpoint saved to ./checkpoints/poker_rl/iter_10
  Iter 11/20: acc=50.0% | reward=0.575 | loss=5.1152 | baseline=0.268 | code=8/8 | exec_ok=8 | nz_reward=8 | fb=0 | no_code=16 | exec_err=0 | stdout_empty=0 | wrapped=8
  Iter 12/20: acc=25.0% | reward=0.350 | loss=-3.4659 | baseline=0.276 | code=10/8 | exec_ok=7 | nz_reward=8 | fb=1 | no_code=14 | exec_err=3 | stdout_empty=0 | wrapped=7
  Iter 13/20: acc=12.5% | reward=0.294 | loss=3.4257 | baseline=0.278 | code=8/8 | exec_ok=8 | nz_reward=8 | fb=0 | no_code=16 | exec_err=0 | stdout_empty=0 | wrapped=8
  Iter 14/20: acc=50.0% | reward=0.575 | loss=4.9700 | baseline=0.308 | code=8/8 | exec_ok=8 | nz_reward=8 | fb=0 | no_code=16 | exec_err=0 | stdout_empty=0 | wrapped=8
  Iter 15/20: acc=50.0% | reward=0.562 | loss=-3.3007 | baseline=0.333 | code=10/8 | exec_ok=7 | nz_reward=8 | fb=1 | no_code=14 | exec_err=3 | stdout_empty=0 | wrapped=7
    Checkpoint saved to ./checkpoints/poker_rl/iter_15
  Iter 16/20: acc=50.0% | reward=0.575 | loss=6.9243 | baseline=0.357 | code=9/8 | exec_ok=7 | nz_reward=8 | fb=1 | no_code=15 | exec_err=2 | stdout_empty=0 | wrapped=7
  Iter 17/20: acc=25.0% | reward=0.362 | loss=4.9645 | baseline=0.358 | code=8/8 | exec_ok=8 | nz_reward=8 | fb=0 | no_code=16 | exec_err=0 | stdout_empty=0 | wrapped=8
  Iter 18/20: acc=12.5% | reward=0.256 | loss=1.5555 | baseline=0.348 | code=8/8 | exec_ok=8 | nz_reward=8 | fb=0 | no_code=16 | exec_err=0 | stdout_empty=0 | wrapped=8
  Iter 19/20: acc=25.0% | reward=0.350 | loss=-4.5856 | baseline=0.348 | code=8/8 | exec_ok=7 | nz_reward=8 | fb=1 | no_code=16 | exec_err=1 | stdout_empty=0 | wrapped=7
  Iter 20/20: acc=37.5% | reward=0.469 | loss=-0.2874 | baseline=0.360 | code=9/8 | exec_ok=8 | nz_reward=8 | fb=0 | no_code=15 | exec_err=1 | stdout_empty=0 | wrapped=8
    Checkpoint saved to ./checkpoints/poker_rl/iter_20
--- Training complete. Model saved to ./checkpoints/poker_rl ---

REINFORCE summary:
  Accuracy: 50.0% -> 37.5%
  Reward:   0.613 -> 0.469
  Loss:     21.4568 -> -0.2874
